0 info it worked if it ends with ok
1 verbose cli [ '/usr/local/Cellar/node/7.4.0/bin/node',
1 verbose cli   '/usr/local/bin/npm',
1 verbose cli   'run',
1 verbose cli   'truffle' ]
2 info using npm@4.0.5
3 info using node@v7.4.0
4 verbose run-script [ 'pretruffle', 'truffle', 'posttruffle' ]
5 info lifecycle aragon-core@1.0.0~pretruffle: aragon-core@1.0.0
6 silly lifecycle aragon-core@1.0.0~pretruffle: no script for pretruffle, continuing
7 info lifecycle aragon-core@1.0.0~truffle: aragon-core@1.0.0
8 verbose lifecycle aragon-core@1.0.0~truffle: unsafe-perm in lifecycle true
9 verbose lifecycle aragon-core@1.0.0~truffle: PATH: /usr/local/lib/node_modules/npm/bin/node-gyp-bin:/Users/jorge/provident/aragon/imports/lib/contracts/node_modules/.bin:/Users/jorge/.swiftenv/shims:/usr/local/bin:/usr/bin:/bin:/usr/sbin:/sbin:/opt/X11/bin:/usr/local/go/bin:/usr/local/MacGPG2/bin:/Library/TeX/texbin:/usr/local/sbin:/Users/jorge/Dropbox/Projects/go/bin:/Users/jorge/Code/google-cloud-sdk/bin:/Users/jorge/.meteor
10 verbose lifecycle aragon-core@1.0.0~truffle: CWD: /Users/jorge/provident/aragon/imports/lib/contracts
11 silly lifecycle aragon-core@1.0.0~truffle: Args: [ '-c', 'truffle console --network development' ]
12 silly lifecycle aragon-core@1.0.0~truffle: Returned: code: 1  signal: null
13 info lifecycle aragon-core@1.0.0~truffle: Failed to exec truffle script
14 verbose stack Error: aragon-core@1.0.0 truffle: `truffle console --network development`
14 verbose stack Exit status 1
14 verbose stack     at EventEmitter.<anonymous> (/usr/local/lib/node_modules/npm/lib/utils/lifecycle.js:279:16)
14 verbose stack     at emitTwo (events.js:106:13)
14 verbose stack     at EventEmitter.emit (events.js:191:7)
14 verbose stack     at ChildProcess.<anonymous> (/usr/local/lib/node_modules/npm/lib/utils/spawn.js:40:14)
14 verbose stack     at emitTwo (events.js:106:13)
14 verbose stack     at ChildProcess.emit (events.js:191:7)
14 verbose stack     at maybeClose (internal/child_process.js:885:16)
14 verbose stack     at Process.ChildProcess._handle.onexit (internal/child_process.js:226:5)
15 verbose pkgid aragon-core@1.0.0
16 verbose cwd /Users/jorge/provident/aragon/imports/lib/contracts
17 error Darwin 16.4.0
18 error argv "/usr/local/Cellar/node/7.4.0/bin/node" "/usr/local/bin/npm" "run" "truffle"
19 error node v7.4.0
20 error npm  v4.0.5
21 error code ELIFECYCLE
22 error aragon-core@1.0.0 truffle: `truffle console --network development`
22 error Exit status 1
23 error Failed at the aragon-core@1.0.0 truffle script 'truffle console --network development'.
23 error Make sure you have the latest version of node.js and npm installed.
23 error If you do, this is most likely a problem with the aragon-core package,
23 error not with npm itself.
23 error Tell the author that this fails on your system:
23 error     truffle console --network development
23 error You can get information on how to open an issue for this project with:
23 error     npm bugs aragon-core
23 error Or if that isn't available, you can get their info via:
23 error     npm owner ls aragon-core
23 error There is likely additional logging output above.
24 verbose exit [ 1, true ]
